<?xml version="1.0" encoding="UTF-8"?>
<!-- Generated by org.testng.reporters.JUnitReportReporter -->
<testsuite skipped="0" hostname="CHNMCT279631L" name="runner.TestNGRunner" tests="3" failures="0" timestamp="2021-01-18T02:21:08 GMT" time="94.693" errors="0">
  <testcase name="runScenario" time="24.323" classname="runner.TestNGRunner"/>
  <system-out/>
  <testcase name="runScenario" time="34.095" classname="runner.TestNGRunner"/>
  <system-out/>
  <testcase name="runScenario" time="36.275" classname="runner.TestNGRunner"/>
  <system-out/>
</testsuite> <!-- runner.TestNGRunner -->
