<?xml version="1.0" encoding="UTF-8"?>
<!-- Generated by org.testng.reporters.JUnitReportReporter -->
<testsuite skipped="0" hostname="CHNMCT279631L" name="unitTestScripts.UtilsTest" tests="1" failures="0" timestamp="2021-01-20T13:17:33 GMT" time="0.196" errors="0">
  <testcase name="jsonStringTraverseTest" time="0.196" classname="unitTestScripts.UtilsTest"/>
  <system-out/>
</testsuite> <!-- unitTestScripts.UtilsTest -->
